<?xml version="1.0" encoding="utf-8"?><testsuites name="pytest tests"><testsuite name="pytest" errors="0" failures="0" skipped="0" tests="11" time="105.642" timestamp="2026-09-04T16:58:46.542013+00:00" hostname="agent-env-86e52e67-a2ef-4dc7-bf5a-b1c2825a21e1"><testcase classname="tests.test_agents_pipeline.TestModelsEndpoint" name="test_models_and_agents_config" time="0.277" /><testcase classname="tests.test_agents_pipeline.TestModelsEndpoint" name="test_models_requires_auth" time="0.163" /><testcase classname="tests.test_agents_pipeline.TestEightAgentBuild" name="test_post_build_is_fast_and_queues_8_agents" time="104.496" /><testcase classname="tests.test_agents_pipeline.TestEightAgentBuild" name="test_progress_climbs_and_agents_transition" time="0.000" /><testcase classname="tests.test_agents_pipeline.TestEightAgentBuild" name="test_final_agents_done_with_contribution_and_model" time="0.000" /><testcase classname="tests.test_agents_pipeline.TestEightAgentBuild" name="test_per_agent_model_override_applied" time="0.000" /><testcase classname="tests.test_agents_pipeline.TestEightAgentBuild" name="test_plan_and_files_generated" time="0.000" /><testcase classname="tests.test_agents_pipeline.TestEightAgentBuild" name="test_preview_html_is_vanilla_and_complete" time="0.000" /><testcase classname="tests.test_agents_pipeline.TestEightAgentBuild" name="test_zip_download" time="0.092" /><testcase classname="tests.test_agents_pipeline.TestEightAgentBuild" name="test_app_scoping_and_auth" time="0.512" /><testcase classname="tests.test_agents_pipeline.TestEightAgentBuild" name="test_invalid_model_id_falls_back_to_default" time="0.061" /></testsuite></testsuites>