<?xml version="1.0" encoding="utf-8"?><testsuites name="pytest tests"><testsuite name="pytest" errors="0" failures="2" skipped="0" tests="45" time="190.699" timestamp="2026-09-04T17:01:32.222510+00:00" hostname="agent-env-86e52e67-a2ef-4dc7-bf5a-b1c2825a21e1"><testcase classname="tests.test_auth_access.TestUnauthenticated" name="test_requires_auth[GET-/api/auth/me-None]" time="0.306" /><testcase classname="tests.test_admin.TestAdminAllowList" name="test_list_users_super_admin_first" time="0.323" /><testcase classname="tests.test_auth_access.TestUnauthenticated" name="test_requires_auth[GET-/api/stats-None]" time="0.064" /><testcase classname="tests.test_admin.TestAdminAllowList" name="test_add_list_and_delete_user" time="0.295" /><testcase classname="tests.test_auth_access.TestUnauthenticated" name="test_requires_auth[GET-/api/admin/users-None]" time="0.070" /><testcase classname="tests.test_auth_access.TestUnauthenticated" name="test_requires_auth[POST-/api/admin/users-body3]" time="0.081" /><testcase classname="tests.test_auth_access.TestUnauthenticated" name="test_requires_auth[DELETE-/api/admin/users/x@test.com-None]" time="0.065" /><testcase classname="tests.test_auth_access.TestUnauthenticated" name="test_requires_auth[POST-/api/chat-body5]" time="0.075" /><testcase classname="tests.test_admin.TestAdminAllowList" name="test_add_upsert_updates_role" time="0.459" /><testcase classname="tests.test_auth_access.TestUnauthenticated" name="test_requires_auth[GET-/api/history/chat-None]" time="0.090" /><testcase classname="tests.test_auth_access.TestUnauthenticated" name="test_requires_auth[POST-/api/email-body7]" time="0.073" /><testcase classname="tests.test_auth_access.TestUnauthenticated" name="test_requires_auth[POST-/api/build-body8]" time="0.072" /><testcase classname="tests.test_auth_access.TestUnauthenticated" name="test_requires_auth[GET-/api/apps/does-not-exist/zip-None]" time="0.080" /><testcase classname="tests.test_auth_access.TestUnauthenticated" name="test_requires_auth[GET-/api/apps/does-not-exist-None]" time="0.080" /><testcase classname="tests.test_auth_access.TestUnauthenticated" name="test_requires_auth[GET-/api/history/emails-None]" time="0.073" /><testcase classname="tests.test_admin.TestAdminAllowList" name="test_cannot_delete_super_admin" time="0.088" /><testcase classname="tests.test_auth_access.TestUnauthenticated" name="test_requires_auth[GET-/api/history/apps-None]" time="0.073" /><testcase classname="tests.test_admin.TestAdminAllowList" name="test_cannot_add_super_admin" time="0.079" /><testcase classname="tests.test_auth_access.TestUnauthenticated" name="test_invalid_bearer_token" time="0.053" /><testcase classname="tests.test_admin.TestAdminAllowList" name="test_invalid_email_rejected" time="0.078" /><testcase classname="tests.test_auth_access.TestUnauthenticated" name="test_expired_session" time="0.076" /><testcase classname="tests.test_admin.TestAdminAllowList" name="test_missing_email_field" time="0.074" /><testcase classname="tests.test_auth_access.TestUnauthenticated" name="test_auth_session_missing_header" time="0.090" /><testcase classname="tests.backend_test.TestChat" name="test_chat_persists_and_history_returns_messages" time="1.102" /><testcase classname="tests.backend_test.TestBuildAndStats" name="test_multiagent_build_zip_stats_and_history" time="181.864"><failure message="AssertionError: build 6059d695-a43c-4716-be8c-ff34cbfd0ead did not finish in 180s; last={'id': '6059d695-a43c-4716-be8c-ff34cbfd0ead', 'status': 'running', 'idea': 'a recipe sharing app with ratings', 'progress': 87, 'agents': [{'id': 'architect', 'name': 'Naksi Bhai', 'role': 'Architect', 'icon': 'Compass', 'desc': 'System architecture, stack, API contracts', 'model': 'gpt-5.4', 'stat">tests/backend_test.py:135: in test_multiagent_build_zip_stats_and_history
    d = poll_build(c, BASE_URL, app_id, timeout=180)
        ^^^^^^^^^^^^^^^^^^^^^^^^^^^^^^^^^^^^^^^^^^^^
tests/conftest.py:104: in poll_build
    raise AssertionError(f"build {app_id} did not finish in {timeout}s; last={str(last)[:300]}")
E   AssertionError: build 6059d695-a43c-4716-be8c-ff34cbfd0ead did not finish in 180s; last={'id': '6059d695-a43c-4716-be8c-ff34cbfd0ead', 'status': 'running', 'idea': 'a recipe sharing app with ratings', 'progress': 87, 'agents': [{'id': 'architect', 'name': 'Naksi Bhai', 'role': 'Architect', 'icon': 'Compass', 'desc': 'System architecture, stack, API contracts', 'model': 'gpt-5.4', 'stat</failure></testcase><testcase classname="tests.backend_test.TestChat" name="test_chat_empty_messages" time="0.085" /><testcase classname="tests.backend_test.TestChat" name="test_chat_validation_error" time="0.118" /><testcase classname="tests.backend_test.TestChat" name="test_clear_chat_history" time="0.281" /><testcase classname="tests.test_admin.TestAdminForbiddenForRegularUser" name="test_get_forbidden" time="0.155" /><testcase classname="tests.test_admin.TestAdminForbiddenForRegularUser" name="test_post_forbidden" time="0.088" /><testcase classname="tests.test_admin.TestAdminForbiddenForRegularUser" name="test_delete_forbidden" time="0.108" /><testcase classname="tests.backend_test.TestEmail" name="test_email_generate_and_history" time="2.023" /><testcase classname="tests.backend_test.TestEmail" name="test_email_missing_context" time="0.092" /><testcase classname="tests.backend_test.TestResearch" name="test_research" time="3.064" /><testcase classname="tests.backend_test.TestResearch" name="test_research_validation" time="0.071" /><testcase classname="tests.test_auth_access.TestPublic" name="test_root" time="0.250" /><testcase classname="tests.test_auth_access.TestPublic" name="test_api_health" time="0.105" /><testcase classname="tests.test_auth_access.TestAuthMe" name="test_super_admin_me" time="0.149" /><testcase classname="tests.test_auth_access.TestAuthMe" name="test_cookie_auth_works" time="0.134" /><testcase classname="tests.test_auth_access.TestAuthMeRegular" name="test_regular_user_me" time="0.137" /><testcase classname="tests.test_auth_access.TestAppPollScoping" name="test_get_app_is_scoped_to_owner" time="0.363" /><testcase classname="tests.test_build_truncation.TestBuildAsyncJob" name="test_build_is_async_and_completes" time="179.357"><failure message="AssertionError: build took 179.0s of polling (expected &lt;120s)&#10;  no requirements.txt: ['ARCHITECTURE.md', 'backend/models.py', 'backend/db.py', 'backend/seed.py', 'backend/server.py', 'backend/app/database.py', 'backend/app/models/user.py', 'backend/app/models/project.py', 'backend/app/models/task.py', 'backend/app/models/notification.py', 'backend/app/models/activity.py', 'backend/app/models/auth.py', 'backend/app/models/dashboard.py', 'backend/app/core/config.py', 'backend/app/core/security.py', 'backend/app/core/dependencies.py', 'backend/app/core/helpers.py', 'backend/app/routes/auth.py', 'backend/app/routes/users.py', 'backend/app/routes/projects.py', 'frontend/package.json', 'frontend/vite.config.js', 'frontend/tailwind.config.js', 'frontend/postcss.config.js', 'frontend/index.html', 'frontend/src/main.jsx', 'frontend/src/index.css', 'frontend/src/api.js', 'frontend/src/App.jsx', 'frontend/src/contexts/AuthContext.jsx', 'frontend/src/hooks/useProjects.js', 'frontend/src/hooks/useTasks.js', 'frontend/src/hooks/useDashboard.js', 'frontend/src/hooks/useNotifications.js', 'frontend/src/utils/toast.js', 'frontend/src/utils/helpers.js', 'frontend/src/components/Layout/Layout.jsx', 'frontend/src/components/Layout/Sidebar.jsx', 'frontend/src/styles/theme.css', 'README.md', 'backend/tests/test_api.py', 'QA_REPORT.md']&#10;assert not ['build took 179.0s of polling (expected &lt;120s)', &quot;no requirements.txt: ['ARCHITECTURE.md', 'backend/models.py', 'backend/db.py', 'backend/seed.py', 'backend/server.py', 'backend/app/database.py', 'backend/app/models/user.py', 'backend/app/models/project.py', 'backend/app/models/task.py', 'backend/app/models/notification.py', 'backend/app/models/activity.py', 'backend/app/models/auth.py', 'backend/app/models/dashboard.py', 'backend/app/core/config.py', 'backend/app/core/security.py', 'backend/app/core/dependencies.py', 'backend/app/core/helpers.py', 'backend/app/routes/auth.py', 'backend/app/routes/users.py', 'backend/app/routes/projects.py', 'frontend/package.json', 'frontend/vite.config.js', 'frontend/tailwind.config.js', 'frontend/postcss.config.js', 'frontend/index.html', 'frontend/src/main.jsx', 'frontend/src/index.css', 'frontend/src/api.js', 'frontend/src/App.jsx', 'frontend/src/contexts/AuthContext.jsx', 'frontend/src/hooks/useProjects.js', 'frontend/src/hooks/useTasks.js', 'frontend/src/hooks/useDashboard.js', 'frontend/src/hooks/useNotifications.js', 'frontend/src/utils/toast.js', 'frontend/src/utils/helpers.js', 'frontend/src/components/Layout/Layout.jsx', 'frontend/src/components/Layout/Sidebar.jsx', 'frontend/src/styles/theme.css', 'README.md', 'backend/tests/test_api.py', 'QA_REPORT.md']&quot;]">tests/test_build_truncation.py:112: in test_build_is_async_and_completes
    assert not problems, "\n".join(problems)
E   AssertionError: build took 179.0s of polling (expected &lt;120s)
E     no requirements.txt: ['ARCHITECTURE.md', 'backend/models.py', 'backend/db.py', 'backend/seed.py', 'backend/server.py', 'backend/app/database.py', 'backend/app/models/user.py', 'backend/app/models/project.py', 'backend/app/models/task.py', 'backend/app/models/notification.py', 'backend/app/models/activity.py', 'backend/app/models/auth.py', 'backend/app/models/dashboard.py', 'backend/app/core/config.py', 'backend/app/core/security.py', 'backend/app/core/dependencies.py', 'backend/app/core/helpers.py', 'backend/app/routes/auth.py', 'backend/app/routes/users.py', 'backend/app/routes/projects.py', 'frontend/package.json', 'frontend/vite.config.js', 'frontend/tailwind.config.js', 'frontend/postcss.config.js', 'frontend/index.html', 'frontend/src/main.jsx', 'frontend/src/index.css', 'frontend/src/api.js', 'frontend/src/App.jsx', 'frontend/src/contexts/AuthContext.jsx', 'frontend/src/hooks/useProjects.js', 'frontend/src/hooks/useTasks.js', 'frontend/src/hooks/useDashboard.js', 'frontend/src/hooks/useNotifications.js', 'frontend/src/utils/toast.js', 'frontend/src/utils/helpers.js', 'frontend/src/components/Layout/Layout.jsx', 'frontend/src/components/Layout/Sidebar.jsx', 'frontend/src/styles/theme.css', 'README.md', 'backend/tests/test_api.py', 'QA_REPORT.md']
E   assert not ['build took 179.0s of polling (expected &lt;120s)', "no requirements.txt: ['ARCHITECTURE.md', 'backend/models.py', 'backend/db.py', 'backend/seed.py', 'backend/server.py', 'backend/app/database.py', 'backend/app/models/user.py', 'backend/app/models/project.py', 'backend/app/models/task.py', 'backend/app/models/notification.py', 'backend/app/models/activity.py', 'backend/app/models/auth.py', 'backend/app/models/dashboard.py', 'backend/app/core/config.py', 'backend/app/core/security.py', 'backend/app/core/dependencies.py', 'backend/app/core/helpers.py', 'backend/app/routes/auth.py', 'backend/app/routes/users.py', 'backend/app/routes/projects.py', 'frontend/package.json', 'frontend/vite.config.js', 'frontend/tailwind.config.js', 'frontend/postcss.config.js', 'frontend/index.html', 'frontend/src/main.jsx', 'frontend/src/index.css', 'frontend/src/api.js', 'frontend/src/App.jsx', 'frontend/src/contexts/AuthContext.jsx', 'frontend/src/hooks/useProjects.js', 'frontend/src/hooks/useTasks.js', 'frontend/src/hooks/useDashboard.js', 'frontend/src/hooks/useNotifications.js', 'frontend/src/utils/toast.js', 'frontend/src/utils/helpers.js', 'frontend/src/components/Layout/Layout.jsx', 'frontend/src/components/Layout/Sidebar.jsx', 'frontend/src/styles/theme.css', 'README.md', 'backend/tests/test_api.py', 'QA_REPORT.md']"]</failure></testcase><testcase classname="tests.backend_test.TestBuildAndStats" name="test_zip_is_scoped_to_owner" time="0.292" /><testcase classname="tests.backend_test.TestBuildAndStats" name="test_build_refine" time="2.428" /><testcase classname="tests.backend_test.TestBuildAndStats" name="test_stats_isolated_per_user" time="0.097" /></testsuite></testsuites>