<?xml version="1.0" encoding="utf-8"?><testsuites name="pytest tests"><testsuite name="pytest" errors="0" failures="0" skipped="0" tests="41" time="28.393" timestamp="2026-09-04T14:43:51.907788+00:00" hostname="agent-env-86e52e67-a2ef-4dc7-bf5a-b1c2825a21e1"><testcase classname="tests.test_auth_access.TestUnauthenticated" name="test_requires_auth[GET-/api/auth/me-None]" time="0.290" /><testcase classname="tests.test_admin.TestAdminAllowList" name="test_list_users_super_admin_first" time="0.193" /><testcase classname="tests.test_admin.TestAdminAllowList" name="test_add_list_and_delete_user" time="0.402" /><testcase classname="tests.test_auth_access.TestUnauthenticated" name="test_requires_auth[GET-/api/stats-None]" time="0.076" /><testcase classname="tests.test_auth_access.TestUnauthenticated" name="test_requires_auth[GET-/api/admin/users-None]" time="0.083" /><testcase classname="tests.test_auth_access.TestUnauthenticated" name="test_requires_auth[POST-/api/admin/users-body3]" time="0.085" /><testcase classname="tests.test_auth_access.TestUnauthenticated" name="test_requires_auth[DELETE-/api/admin/users/x@test.com-None]" time="0.085" /><testcase classname="tests.test_admin.TestAdminAllowList" name="test_add_upsert_updates_role" time="0.292" /><testcase classname="tests.test_auth_access.TestUnauthenticated" name="test_requires_auth[POST-/api/chat-body5]" time="0.076" /><testcase classname="tests.test_auth_access.TestUnauthenticated" name="test_requires_auth[GET-/api/history/chat-None]" time="0.109" /><testcase classname="tests.test_auth_access.TestUnauthenticated" name="test_requires_auth[POST-/api/email-body7]" time="0.078" /><testcase classname="tests.test_auth_access.TestUnauthenticated" name="test_requires_auth[POST-/api/build-body8]" time="0.078" /><testcase classname="tests.test_admin.TestAdminAllowList" name="test_cannot_delete_super_admin" time="0.121" /><testcase classname="tests.test_auth_access.TestUnauthenticated" name="test_requires_auth[GET-/api/history/emails-None]" time="0.081" /><testcase classname="tests.test_admin.TestAdminAllowList" name="test_cannot_add_super_admin" time="0.115" /><testcase classname="tests.test_auth_access.TestUnauthenticated" name="test_requires_auth[GET-/api/history/apps-None]" time="0.073" /><testcase classname="tests.test_auth_access.TestUnauthenticated" name="test_invalid_bearer_token" time="0.082" /><testcase classname="tests.test_admin.TestAdminAllowList" name="test_invalid_email_rejected" time="0.112" /><testcase classname="tests.test_auth_access.TestUnauthenticated" name="test_expired_session" time="0.096" /><testcase classname="tests.test_admin.TestAdminAllowList" name="test_missing_email_field" time="0.160" /><testcase classname="tests.test_auth_access.TestUnauthenticated" name="test_auth_session_missing_header" time="0.080" /><testcase classname="tests.backend_test.TestBuildAndStats" name="test_build_returns_html_and_stats_reflect_it" time="19.986" /><testcase classname="tests.backend_test.TestChat" name="test_chat_persists_and_history_returns_messages" time="0.897" /><testcase classname="tests.backend_test.TestChat" name="test_chat_empty_messages" time="0.074" /><testcase classname="tests.backend_test.TestChat" name="test_chat_validation_error" time="0.074" /><testcase classname="tests.backend_test.TestChat" name="test_clear_chat_history" time="0.142" /><testcase classname="tests.test_admin.TestAdminForbiddenForRegularUser" name="test_get_forbidden" time="0.145" /><testcase classname="tests.test_admin.TestAdminForbiddenForRegularUser" name="test_post_forbidden" time="0.078" /><testcase classname="tests.test_admin.TestAdminForbiddenForRegularUser" name="test_delete_forbidden" time="0.081" /><testcase classname="tests.backend_test.TestEmail" name="test_email_generate_and_history" time="1.748" /><testcase classname="tests.backend_test.TestEmail" name="test_email_missing_context" time="0.067" /><testcase classname="tests.backend_test.TestResearch" name="test_research" time="2.664" /><testcase classname="tests.backend_test.TestResearch" name="test_research_validation" time="0.083" /><testcase classname="tests.test_auth_access.TestPublic" name="test_root" time="0.175" /><testcase classname="tests.test_auth_access.TestPublic" name="test_api_health" time="0.082" /><testcase classname="tests.test_auth_access.TestAuthMe" name="test_super_admin_me" time="0.141" /><testcase classname="tests.test_auth_access.TestAuthMe" name="test_cookie_auth_works" time="0.230" /><testcase classname="tests.test_auth_access.TestAuthMeRegular" name="test_regular_user_me" time="0.149" /><testcase classname="tests.test_revocation_probe" name="test_revoked_user_session_behaviour" time="1.155"><properties><property name="revoked_auth_me" value="200 {&quot;user_id&quot;:&quot;user_TEST_5867639f95&quot;,&quot;email&quot;:&quot;test_regular_43e5f7@test.com&quot;,&quot;name&quot;:&quot;TEST User&quot;,&quot;picture&quot;:&quot;&quot;,&quot;role&quot;:&quot;&quot;,&quot;is_a" /><property name="revoked_stats" value="200" /><property name="revoked_chat" value="200" /></properties></testcase><testcase classname="tests.backend_test.TestBuildAndStats" name="test_build_refine" time="5.429" /><testcase classname="tests.backend_test.TestBuildAndStats" name="test_stats_isolated_per_user" time="0.165" /></testsuite></testsuites>